<?xml version="1.0" encoding="UTF-8"?>
<!-- Generated by org.testng.reporters.JUnitXMLReporter -->
<testsuite hostname="Dream" ignored="4" name="Default test" tests="1" failures="0" timestamp="14 Jun 2020 18:04:58 GMT" time="79.247" errors="0">
  <testcase name="additemToPayment" time="71.508" classname="com.web.weatherShopper.RunPaymentPage"/>
  <testcase name="@AfterTest quit" time="0.0" classname="com.web.weatherShopper.LunchPage">
    <ignored/>
  </testcase> <!-- @AfterTest quit -->
  <testcase name="@AfterTest quit" time="0.0" classname="com.web.weatherShopper.LunchPage">
    <ignored/>
  </testcase> <!-- @AfterTest quit -->
  <testcase name="@BeforeTest lunch" time="0.0" classname="com.web.weatherShopper.LunchPage">
    <ignored/>
  </testcase> <!-- @BeforeTest lunch -->
  <testcase name="@BeforeTest lunch" time="0.0" classname="com.web.weatherShopper.LunchPage">
    <ignored/>
  </testcase> <!-- @BeforeTest lunch -->
</testsuite> <!-- Default test -->
