<?xml version="1.0" encoding="UTF-8"?>
<testng-results skipped="0" failed="0" ignored="0" total="1" passed="1">
  <reporter-output>
  </reporter-output>
  <suite name="Surefire suite" duration-ms="156" started-at="2020-06-12T16:01:48Z" finished-at="2020-06-12T16:01:48Z">
    <groups>
    </groups>
    <test name="Surefire test" duration-ms="156" started-at="2020-06-12T16:01:48Z" finished-at="2020-06-12T16:01:48Z">
      <class name="com.web.weatherShopper.AppTest">
        <test-method status="PASS" signature="shouldAnswerWithTrue()" name="shouldAnswerWithTrue" duration-ms="23" started-at="2020-06-12T16:01:48Z" finished-at="2020-06-12T16:01:48Z">
          <reporter-output>
          </reporter-output>
        </test-method> <!-- shouldAnswerWithTrue -->
      </class> <!-- com.web.weatherShopper.AppTest -->
    </test> <!-- Surefire test -->
  </suite> <!-- Surefire suite -->
</testng-results>
